0 info it worked if it ends with ok
1 verbose cli [ '/usr/bin/nodejs', '/usr/bin/npm', 'install', 'angular2-jwt' ]
2 info using npm@3.5.2
3 info using node@v4.2.6
4 silly loadCurrentTree Starting
5 silly install loadCurrentTree
6 silly install readLocalPackageData
7 silly fetchPackageMetaData angular2-jwt
8 silly fetchNamedPackageData angular2-jwt
9 silly mapToRegistry name angular2-jwt
10 silly mapToRegistry using default registry
11 silly mapToRegistry registry https://registry.npmjs.org/
12 silly mapToRegistry uri https://registry.npmjs.org/angular2-jwt
13 verbose request uri https://registry.npmjs.org/angular2-jwt
14 verbose request no auth needed
15 info attempt registry request try #1 at 2:21:04 AM
16 verbose request id 4047da42c509ce18
17 verbose etag W/"58547ec5-e148"
18 verbose lastModified Fri, 16 Dec 2016 23:54:45 GMT
19 http request GET https://registry.npmjs.org/angular2-jwt
20 http 304 https://registry.npmjs.org/angular2-jwt
21 verbose headers { date: 'Thu, 22 Dec 2016 20:51:06 GMT',
21 verbose headers   via: '1.1 varnish',
21 verbose headers   'cache-control': 'max-age=300',
21 verbose headers   etag: 'W/"58547ec5-e148"',
21 verbose headers   age: '0',
21 verbose headers   connection: 'keep-alive',
21 verbose headers   'x-served-by': 'cache-lcy1131-LCY',
21 verbose headers   'x-cache': 'HIT',
21 verbose headers   'x-cache-hits': '1',
21 verbose headers   'x-timer': 'S1482439866.522902,VS0,VE17',
21 verbose headers   vary: 'Accept-Encoding' }
22 silly get cb [ 304,
22 silly get   { date: 'Thu, 22 Dec 2016 20:51:06 GMT',
22 silly get     via: '1.1 varnish',
22 silly get     'cache-control': 'max-age=300',
22 silly get     etag: 'W/"58547ec5-e148"',
22 silly get     age: '0',
22 silly get     connection: 'keep-alive',
22 silly get     'x-served-by': 'cache-lcy1131-LCY',
22 silly get     'x-cache': 'HIT',
22 silly get     'x-cache-hits': '1',
22 silly get     'x-timer': 'S1482439866.522902,VS0,VE17',
22 silly get     vary: 'Accept-Encoding' } ]
23 verbose etag https://registry.npmjs.org/angular2-jwt from cache
24 verbose get saving angular2-jwt to /home/akshay/.npm/registry.npmjs.org/angular2-jwt/.cache.json
25 silly install normalizeTree
26 silly loadCurrentTree Finishing
27 silly loadIdealTree Starting
28 silly install loadIdealTree
29 silly cloneCurrentTree Starting
30 silly install cloneCurrentTreeToIdealTree
31 silly cloneCurrentTree Finishing
32 silly loadShrinkwrap Starting
33 silly install loadShrinkwrap
34 silly loadShrinkwrap Finishing
35 silly loadAllDepsIntoIdealTree Starting
36 silly install loadAllDepsIntoIdealTree
37 silly resolveWithNewModule angular2-jwt@0.1.27 checking installable status
38 silly cache add args [ 'angular2-jwt', null ]
39 verbose cache add spec angular2-jwt
40 silly cache add parsed spec Result {
40 silly cache add   raw: 'angular2-jwt',
40 silly cache add   scope: null,
40 silly cache add   name: 'angular2-jwt',
40 silly cache add   rawSpec: '',
40 silly cache add   spec: 'latest',
40 silly cache add   type: 'tag' }
41 silly addNamed angular2-jwt@latest
42 verbose addNamed "latest" is being treated as a dist-tag for angular2-jwt
43 info addNameTag [ 'angular2-jwt', 'latest' ]
44 silly mapToRegistry name angular2-jwt
45 silly mapToRegistry using default registry
46 silly mapToRegistry registry https://registry.npmjs.org/
47 silly mapToRegistry uri https://registry.npmjs.org/angular2-jwt
48 verbose addNameTag registry:https://registry.npmjs.org/angular2-jwt not in flight; fetching
49 verbose get https://registry.npmjs.org/angular2-jwt not expired, no request
50 silly addNameTag next cb for angular2-jwt with tag latest
51 silly addNamed angular2-jwt@0.1.27
52 verbose addNamed "0.1.27" is a plain semver version for angular2-jwt
53 silly cache afterAdd angular2-jwt@0.1.27
54 verbose afterAdd /home/akshay/.npm/angular2-jwt/0.1.27/package/package.json not in flight; writing
55 verbose afterAdd /home/akshay/.npm/angular2-jwt/0.1.27/package/package.json written
56 silly fetchNamedPackageData fsevents
57 silly mapToRegistry name fsevents
58 silly mapToRegistry using default registry
59 silly mapToRegistry registry https://registry.npmjs.org/
60 silly mapToRegistry uri https://registry.npmjs.org/fsevents
61 verbose request uri https://registry.npmjs.org/fsevents
62 verbose request no auth needed
63 info attempt registry request try #1 at 2:21:08 AM
64 verbose etag W/"58352bb5-bb79"
65 verbose lastModified Wed, 23 Nov 2016 05:40:05 GMT
66 http request GET https://registry.npmjs.org/fsevents
67 http 304 https://registry.npmjs.org/fsevents
68 verbose headers { date: 'Thu, 22 Dec 2016 20:51:08 GMT',
68 verbose headers   via: '1.1 varnish',
68 verbose headers   'cache-control': 'max-age=300',
68 verbose headers   etag: 'W/"58352bb5-bb79"',
68 verbose headers   age: '197',
68 verbose headers   connection: 'keep-alive',
68 verbose headers   'x-served-by': 'cache-lcy1146-LCY',
68 verbose headers   'x-cache': 'HIT',
68 verbose headers   'x-cache-hits': '2',
68 verbose headers   'x-timer': 'S1482439868.712799,VS0,VE0',
68 verbose headers   vary: 'Accept-Encoding' }
69 silly get cb [ 304,
69 silly get   { date: 'Thu, 22 Dec 2016 20:51:08 GMT',
69 silly get     via: '1.1 varnish',
69 silly get     'cache-control': 'max-age=300',
69 silly get     etag: 'W/"58352bb5-bb79"',
69 silly get     age: '197',
69 silly get     connection: 'keep-alive',
69 silly get     'x-served-by': 'cache-lcy1146-LCY',
69 silly get     'x-cache': 'HIT',
69 silly get     'x-cache-hits': '2',
69 silly get     'x-timer': 'S1482439868.712799,VS0,VE0',
69 silly get     vary: 'Accept-Encoding' } ]
70 verbose etag https://registry.npmjs.org/fsevents from cache
71 verbose get saving fsevents to /home/akshay/.npm/registry.npmjs.org/fsevents/.cache.json
72 silly resolveWithNewModule fsevents@1.0.15 checking installable status
73 silly loadAllDepsIntoIdealTree Finishing
74 silly idealTree:prePrune angular-quickstart@1.0.0
74 silly idealTree:prePrune +-- @angular/common@2.2.4
74 silly idealTree:prePrune +-- @angular/compiler@2.2.4
74 silly idealTree:prePrune +-- @angular/core@2.2.4
74 silly idealTree:prePrune +-- @angular/forms@2.2.4
74 silly idealTree:prePrune +-- @angular/http@2.2.4
74 silly idealTree:prePrune +-- @angular/platform-browser-dynamic@2.2.4
74 silly idealTree:prePrune +-- @angular/platform-browser@2.2.4
74 silly idealTree:prePrune +-- @angular/router@3.2.4
74 silly idealTree:prePrune +-- @types/jasmine@2.5.38
74 silly idealTree:prePrune +-- @types/node@6.0.52
74 silly idealTree:prePrune +-- @types/q@0.0.30
74 silly idealTree:prePrune +-- @types/selenium-webdriver@2.53.37
74 silly idealTree:prePrune +-- abbrev@1.0.9
74 silly idealTree:prePrune +-- accepts@1.1.4
74 silly idealTree:prePrune | +-- mime-db@1.12.0
74 silly idealTree:prePrune | `-- mime-types@2.0.14
74 silly idealTree:prePrune +-- acorn-jsx@3.0.1
74 silly idealTree:prePrune +-- acorn-object-spread@1.0.0
74 silly idealTree:prePrune +-- acorn@3.3.0
74 silly idealTree:prePrune +-- adm-zip@0.4.7
74 silly idealTree:prePrune +-- after@0.8.1
74 silly idealTree:prePrune +-- agent-base@2.0.1
74 silly idealTree:prePrune | `-- semver@5.0.3
74 silly idealTree:prePrune +-- angular-in-memory-web-api@0.1.17
74 silly idealTree:prePrune +-- angular2-jwt@0.1.27
74 silly idealTree:prePrune +-- ansi-regex@0.2.1
74 silly idealTree:prePrune +-- ansi-styles@1.1.0
74 silly idealTree:prePrune +-- anymatch@1.3.0
74 silly idealTree:prePrune +-- arr-diff@2.0.0
74 silly idealTree:prePrune +-- arr-flatten@1.0.1
74 silly idealTree:prePrune +-- array-slice@0.2.3
74 silly idealTree:prePrune +-- array-union@1.0.2
74 silly idealTree:prePrune +-- array-uniq@1.0.3
74 silly idealTree:prePrune +-- array-unique@0.2.1
74 silly idealTree:prePrune +-- arraybuffer.slice@0.0.6
74 silly idealTree:prePrune +-- arrify@1.0.1
74 silly idealTree:prePrune +-- asn1@0.2.3
74 silly idealTree:prePrune +-- assert-plus@0.2.0
74 silly idealTree:prePrune +-- async-each-series@0.1.1
74 silly idealTree:prePrune +-- async-each@1.0.1
74 silly idealTree:prePrune +-- async@0.9.0
74 silly idealTree:prePrune +-- asynckit@0.4.0
74 silly idealTree:prePrune +-- aws-sign2@0.6.0
74 silly idealTree:prePrune +-- aws4@1.5.0
74 silly idealTree:prePrune +-- backo2@1.0.2
74 silly idealTree:prePrune +-- balanced-match@0.4.2
74 silly idealTree:prePrune +-- base64-arraybuffer@0.1.2
74 silly idealTree:prePrune +-- base64id@0.1.0
74 silly idealTree:prePrune +-- batch@0.5.3
74 silly idealTree:prePrune +-- bcrypt-pbkdf@1.0.0
74 silly idealTree:prePrune +-- benchmark@1.0.0
74 silly idealTree:prePrune +-- better-assert@1.0.2
74 silly idealTree:prePrune +-- binary-extensions@1.8.0
74 silly idealTree:prePrune +-- blob@0.0.4
74 silly idealTree:prePrune +-- bluebird@2.9.6
74 silly idealTree:prePrune +-- body-parser@1.15.2
74 silly idealTree:prePrune | `-- qs@6.2.0
74 silly idealTree:prePrune +-- boom@2.10.1
74 silly idealTree:prePrune +-- bower@1.8.0
74 silly idealTree:prePrune +-- brace-expansion@1.1.6
74 silly idealTree:prePrune +-- braces@1.8.5
74 silly idealTree:prePrune +-- browser-sync-client@2.4.4
74 silly idealTree:prePrune +-- browser-sync-ui@0.6.2
74 silly idealTree:prePrune +-- browser-sync@2.18.5
74 silly idealTree:prePrune | +-- accepts@1.3.3
74 silly idealTree:prePrune | +-- base64-arraybuffer@0.1.5
74 silly idealTree:prePrune | +-- debug@2.3.3
74 silly idealTree:prePrune | +-- engine.io-client@1.8.0
74 silly idealTree:prePrune | | `-- component-emitter@1.2.1
74 silly idealTree:prePrune | +-- engine.io-parser@1.3.1
74 silly idealTree:prePrune | | `-- has-binary@0.1.6
74 silly idealTree:prePrune | +-- engine.io@1.8.0
74 silly idealTree:prePrune | +-- http-proxy@1.15.2
74 silly idealTree:prePrune | +-- isarray@0.0.1
74 silly idealTree:prePrune | +-- json3@3.3.2
74 silly idealTree:prePrune | +-- ms@0.7.2
74 silly idealTree:prePrune | +-- negotiator@0.6.1
74 silly idealTree:prePrune | +-- parsejson@0.0.3
74 silly idealTree:prePrune | +-- parseqs@0.0.5
74 silly idealTree:prePrune | +-- parseuri@0.0.5
74 silly idealTree:prePrune | +-- qs@6.2.1
74 silly idealTree:prePrune | +-- rx@4.1.0
74 silly idealTree:prePrune | +-- socket.io-adapter@0.5.0
74 silly idealTree:prePrune | +-- socket.io-client@1.6.0
74 silly idealTree:prePrune | | `-- component-emitter@1.2.1
74 silly idealTree:prePrune | +-- socket.io-parser@2.3.1
74 silly idealTree:prePrune | | +-- debug@2.2.0
74 silly idealTree:prePrune | | `-- ms@0.7.1
74 silly idealTree:prePrune | +-- socket.io@1.6.0
74 silly idealTree:prePrune | +-- ws@1.1.1
74 silly idealTree:prePrune | `-- xmlhttprequest-ssl@1.5.3
74 silly idealTree:prePrune +-- bs-recipes@1.3.2
74 silly idealTree:prePrune +-- buble@0.12.5
74 silly idealTree:prePrune | +-- ansi-regex@2.0.0
74 silly idealTree:prePrune | +-- ansi-styles@2.2.1
74 silly idealTree:prePrune | +-- chalk@1.1.3
74 silly idealTree:prePrune | +-- has-ansi@2.0.0
74 silly idealTree:prePrune | +-- strip-ansi@3.0.1
74 silly idealTree:prePrune | `-- supports-color@2.0.0
74 silly idealTree:prePrune +-- bubleify@0.5.1
74 silly idealTree:prePrune +-- buffer-shims@1.0.0
74 silly idealTree:prePrune +-- builtin-modules@1.1.1
74 silly idealTree:prePrune +-- bytes@2.4.0
74 silly idealTree:prePrune +-- callsite@1.0.0
74 silly idealTree:prePrune +-- camelcase@1.2.1
74 silly idealTree:prePrune +-- canonical-path@0.0.2
74 silly idealTree:prePrune +-- caseless@0.11.0
74 silly idealTree:prePrune +-- chalk@0.5.1
74 silly idealTree:prePrune +-- chokidar@1.6.1
74 silly idealTree:prePrune +-- cliui@3.2.0
74 silly idealTree:prePrune | +-- ansi-regex@2.0.0
74 silly idealTree:prePrune | `-- strip-ansi@3.0.1
74 silly idealTree:prePrune +-- code-point-at@1.1.0
74 silly idealTree:prePrune +-- colors@1.0.3
74 silly idealTree:prePrune +-- combine-lists@1.0.1
74 silly idealTree:prePrune +-- combined-stream@1.0.5
74 silly idealTree:prePrune +-- commander@2.6.0
74 silly idealTree:prePrune +-- component-bind@1.0.0
74 silly idealTree:prePrune +-- component-emitter@1.1.2
74 silly idealTree:prePrune +-- component-inherit@0.0.3
74 silly idealTree:prePrune +-- concat-map@0.0.1
74 silly idealTree:prePrune +-- concurrently@3.1.0
74 silly idealTree:prePrune +-- connect-history-api-fallback@1.3.0
74 silly idealTree:prePrune +-- connect-logger@0.0.1
74 silly idealTree:prePrune +-- connect@3.5.0
74 silly idealTree:prePrune +-- content-type@1.0.2
74 silly idealTree:prePrune +-- cookie@0.3.1
74 silly idealTree:prePrune +-- core-js@2.4.1
74 silly idealTree:prePrune +-- core-util-is@1.0.2
74 silly idealTree:prePrune +-- corser@2.0.1
74 silly idealTree:prePrune +-- cryptiles@2.0.5
74 silly idealTree:prePrune +-- custom-event@1.0.1
74 silly idealTree:prePrune +-- dashdash@1.14.1
74 silly idealTree:prePrune | `-- assert-plus@1.0.0
74 silly idealTree:prePrune +-- debug@2.2.0
74 silly idealTree:prePrune +-- decamelize@1.2.0
74 silly idealTree:prePrune +-- del@2.2.2
74 silly idealTree:prePrune +-- delayed-stream@1.0.0
74 silly idealTree:prePrune +-- depd@1.1.0
74 silly idealTree:prePrune +-- destroy@1.0.4
74 silly idealTree:prePrune +-- dev-ip@1.0.1
74 silly idealTree:prePrune +-- di@0.0.1
74 silly idealTree:prePrune +-- diff@2.2.3
74 silly idealTree:prePrune +-- dom-serialize@2.2.1
74 silly idealTree:prePrune +-- easy-extender@2.3.2
74 silly idealTree:prePrune | `-- lodash@3.10.1
74 silly idealTree:prePrune +-- eazy-logger@3.0.2
74 silly idealTree:prePrune +-- ecc-jsbn@0.1.1
74 silly idealTree:prePrune +-- ecstatic@1.4.1
74 silly idealTree:prePrune +-- ee-first@1.1.1
74 silly idealTree:prePrune +-- emitter-steward@1.0.0
74 silly idealTree:prePrune +-- encodeurl@1.0.1
74 silly idealTree:prePrune +-- engine.io-client@1.6.9
74 silly idealTree:prePrune +-- engine.io-parser@1.2.4
74 silly idealTree:prePrune | +-- has-binary@0.1.6
74 silly idealTree:prePrune | `-- isarray@0.0.1
74 silly idealTree:prePrune +-- engine.io@1.6.10
74 silly idealTree:prePrune +-- ent@2.2.0
74 silly idealTree:prePrune +-- error-ex@1.3.0
74 silly idealTree:prePrune +-- escape-html@1.0.3
74 silly idealTree:prePrune +-- escape-string-regexp@1.0.5
74 silly idealTree:prePrune +-- etag@1.7.0
74 silly idealTree:prePrune +-- eventemitter3@1.2.0
74 silly idealTree:prePrune +-- exit@0.1.2
74 silly idealTree:prePrune +-- expand-braces@0.1.2
74 silly idealTree:prePrune | +-- braces@0.1.5
74 silly idealTree:prePrune | +-- expand-range@0.1.1
74 silly idealTree:prePrune | +-- is-number@0.1.1
74 silly idealTree:prePrune | `-- repeat-string@0.2.2
74 silly idealTree:prePrune +-- expand-brackets@0.1.5
74 silly idealTree:prePrune +-- expand-range@1.8.2
74 silly idealTree:prePrune +-- express@2.5.11
74 silly idealTree:prePrune | +-- connect@1.9.2
74 silly idealTree:prePrune | +-- mime@1.2.4
74 silly idealTree:prePrune | +-- mkdirp@0.3.0
74 silly idealTree:prePrune | `-- qs@0.4.2
74 silly idealTree:prePrune +-- extend@3.0.0
74 silly idealTree:prePrune +-- extglob@0.3.2
74 silly idealTree:prePrune +-- extsprintf@1.0.2
74 silly idealTree:prePrune +-- filename-regex@2.0.0
74 silly idealTree:prePrune +-- fill-range@2.2.3
74 silly idealTree:prePrune +-- finalhandler@0.5.0
74 silly idealTree:prePrune +-- find-up@1.1.2
74 silly idealTree:prePrune +-- findup-sync@0.3.0
74 silly idealTree:prePrune | `-- glob@5.0.15
74 silly idealTree:prePrune +-- for-in@0.1.6
74 silly idealTree:prePrune +-- for-own@0.1.4
74 silly idealTree:prePrune +-- forever-agent@0.6.1
74 silly idealTree:prePrune +-- form-data@2.1.2
74 silly idealTree:prePrune +-- formidable@1.0.17
74 silly idealTree:prePrune +-- fresh@0.3.0
74 silly idealTree:prePrune +-- fs-access@1.0.1
74 silly idealTree:prePrune +-- fs-extra@1.0.0
74 silly idealTree:prePrune +-- fs.realpath@1.0.0
74 silly idealTree:prePrune +-- generate-function@2.0.0
74 silly idealTree:prePrune +-- generate-object-property@1.2.0
74 silly idealTree:prePrune +-- get-caller-file@1.0.2
74 silly idealTree:prePrune +-- getpass@0.1.6
74 silly idealTree:prePrune | `-- assert-plus@1.0.0
74 silly idealTree:prePrune +-- glob-base@0.3.0
74 silly idealTree:prePrune +-- glob-parent@2.0.0
74 silly idealTree:prePrune +-- glob@7.1.1
74 silly idealTree:prePrune +-- globby@5.0.0
74 silly idealTree:prePrune +-- graceful-fs@4.1.11
74 silly idealTree:prePrune +-- graceful-readlink@1.0.1
74 silly idealTree:prePrune +-- har-validator@2.0.6
74 silly idealTree:prePrune | +-- ansi-regex@2.0.0
74 silly idealTree:prePrune | +-- ansi-styles@2.2.1
74 silly idealTree:prePrune | +-- chalk@1.1.3
74 silly idealTree:prePrune | +-- commander@2.9.0
74 silly idealTree:prePrune | +-- has-ansi@2.0.0
74 silly idealTree:prePrune | +-- strip-ansi@3.0.1
74 silly idealTree:prePrune | `-- supports-color@2.0.0
74 silly idealTree:prePrune +-- has-ansi@0.1.0
74 silly idealTree:prePrune +-- has-binary@0.1.7
74 silly idealTree:prePrune | `-- isarray@0.0.1
74 silly idealTree:prePrune +-- has-cors@1.1.0
74 silly idealTree:prePrune +-- hawk@3.1.3
74 silly idealTree:prePrune +-- he@0.5.0
74 silly idealTree:prePrune +-- hoek@2.16.3
74 silly idealTree:prePrune +-- hosted-git-info@2.1.5
74 silly idealTree:prePrune +-- http-errors@1.5.1
74 silly idealTree:prePrune +-- http-proxy@1.16.2
74 silly idealTree:prePrune +-- http-server@0.9.0
74 silly idealTree:prePrune +-- http-signature@1.1.1
74 silly idealTree:prePrune +-- https-proxy-agent@1.0.0
74 silly idealTree:prePrune +-- iconv-lite@0.4.13
74 silly idealTree:prePrune +-- immutable@3.8.1
74 silly idealTree:prePrune +-- indexof@0.0.1
74 silly idealTree:prePrune +-- inflight@1.0.6
74 silly idealTree:prePrune +-- inherits@2.0.3
74 silly idealTree:prePrune +-- ini@1.3.4
74 silly idealTree:prePrune +-- invert-kv@1.0.0
74 silly idealTree:prePrune +-- is-arrayish@0.2.1
74 silly idealTree:prePrune +-- is-binary-path@1.0.1
74 silly idealTree:prePrune +-- is-buffer@1.1.4
74 silly idealTree:prePrune +-- is-builtin-module@1.0.0
74 silly idealTree:prePrune +-- is-dotfile@1.0.2
74 silly idealTree:prePrune +-- is-equal-shallow@0.1.3
74 silly idealTree:prePrune +-- is-extendable@0.1.1
74 silly idealTree:prePrune +-- is-extglob@1.0.0
74 silly idealTree:prePrune +-- is-fullwidth-code-point@1.0.0
74 silly idealTree:prePrune +-- is-glob@2.0.1
74 silly idealTree:prePrune +-- is-my-json-valid@2.15.0
74 silly idealTree:prePrune +-- is-number-like@1.0.7
74 silly idealTree:prePrune +-- is-number@2.1.0
74 silly idealTree:prePrune +-- is-path-cwd@1.0.0
74 silly idealTree:prePrune +-- is-path-in-cwd@1.0.0
74 silly idealTree:prePrune +-- is-path-inside@1.0.0
74 silly idealTree:prePrune +-- is-posix-bracket@0.1.1
74 silly idealTree:prePrune +-- is-primitive@2.0.0
74 silly idealTree:prePrune +-- is-property@1.0.2
74 silly idealTree:prePrune +-- is-typedarray@1.0.0
74 silly idealTree:prePrune +-- is-utf8@0.2.1
74 silly idealTree:prePrune +-- isarray@1.0.0
74 silly idealTree:prePrune +-- isbinaryfile@3.0.1
74 silly idealTree:prePrune +-- isexe@1.1.2
74 silly idealTree:prePrune +-- isobject@2.1.0
74 silly idealTree:prePrune +-- isstream@0.1.2
74 silly idealTree:prePrune +-- jasmine-core@2.4.1
74 silly idealTree:prePrune +-- jasmine@2.5.2
74 silly idealTree:prePrune | `-- jasmine-core@2.5.2
74 silly idealTree:prePrune +-- jasminewd2@0.0.10
74 silly idealTree:prePrune +-- jodid25519@1.0.2
74 silly idealTree:prePrune +-- jsbn@0.1.0
74 silly idealTree:prePrune +-- json-schema@0.2.3
74 silly idealTree:prePrune +-- json-stringify-safe@5.0.1
74 silly idealTree:prePrune +-- json3@3.2.6
74 silly idealTree:prePrune +-- jsonfile@2.4.0
74 silly idealTree:prePrune +-- jsonpointer@4.0.1
74 silly idealTree:prePrune +-- jsprim@1.3.1
74 silly idealTree:prePrune +-- karma-chrome-launcher@2.0.0
74 silly idealTree:prePrune +-- karma-cli@1.0.1
74 silly idealTree:prePrune +-- karma-jasmine-html-reporter@0.2.2
74 silly idealTree:prePrune +-- karma-jasmine@1.1.0
74 silly idealTree:prePrune +-- karma@1.3.0
74 silly idealTree:prePrune | +-- bluebird@3.4.7
74 silly idealTree:prePrune | +-- colors@1.1.2
74 silly idealTree:prePrune | `-- lodash@3.10.1
74 silly idealTree:prePrune +-- kind-of@3.1.0
74 silly idealTree:prePrune +-- klaw@1.3.1
74 silly idealTree:prePrune +-- lcid@1.0.0
74 silly idealTree:prePrune +-- limiter@1.1.0
74 silly idealTree:prePrune +-- lite-server@2.2.2
74 silly idealTree:prePrune +-- load-json-file@1.1.0
74 silly idealTree:prePrune +-- localtunnel@1.8.2
74 silly idealTree:prePrune | `-- yargs@3.29.0
74 silly idealTree:prePrune +-- lodash.isfinite@3.3.2
74 silly idealTree:prePrune +-- lodash@4.17.2
74 silly idealTree:prePrune +-- log4js@0.6.38
74 silly idealTree:prePrune | +-- isarray@0.0.1
74 silly idealTree:prePrune | `-- readable-stream@1.0.34
74 silly idealTree:prePrune +-- lru-cache@2.2.4
74 silly idealTree:prePrune +-- magic-string@0.14.0
74 silly idealTree:prePrune +-- media-typer@0.3.0
74 silly idealTree:prePrune +-- micromatch@2.3.11
74 silly idealTree:prePrune +-- mime-db@1.25.0
74 silly idealTree:prePrune +-- mime-types@2.1.13
74 silly idealTree:prePrune +-- mime@1.3.4
74 silly idealTree:prePrune +-- minimatch@3.0.3
74 silly idealTree:prePrune +-- minimist@1.2.0
74 silly idealTree:prePrune +-- mkdirp@0.5.1
74 silly idealTree:prePrune | `-- minimist@0.0.8
74 silly idealTree:prePrune +-- moment@2.17.1
74 silly idealTree:prePrune +-- ms@0.7.1
74 silly idealTree:prePrune +-- negotiator@0.4.9
74 silly idealTree:prePrune +-- node-uuid@1.4.7
74 silly idealTree:prePrune +-- nopt@3.0.6
74 silly idealTree:prePrune +-- normalize-package-data@2.3.5
74 silly idealTree:prePrune +-- normalize-path@2.0.1
74 silly idealTree:prePrune +-- null-check@1.0.0
74 silly idealTree:prePrune +-- number-is-nan@1.0.1
74 silly idealTree:prePrune +-- oauth-sign@0.8.2
74 silly idealTree:prePrune +-- object-assign@4.1.0
74 silly idealTree:prePrune +-- object-component@0.0.3
74 silly idealTree:prePrune +-- object-path@0.9.2
74 silly idealTree:prePrune +-- object.omit@2.0.1
74 silly idealTree:prePrune +-- on-finished@2.3.0
74 silly idealTree:prePrune +-- once@1.4.0
74 silly idealTree:prePrune +-- opener@1.4.2
74 silly idealTree:prePrune +-- openurl@1.1.0
74 silly idealTree:prePrune +-- opn@4.0.2
74 silly idealTree:prePrune +-- optimist@0.6.1
74 silly idealTree:prePrune | `-- minimist@0.0.10
74 silly idealTree:prePrune +-- options@0.0.6
74 silly idealTree:prePrune +-- os-homedir@1.0.2
74 silly idealTree:prePrune +-- os-locale@1.4.0
74 silly idealTree:prePrune +-- os-tmpdir@1.0.2
74 silly idealTree:prePrune +-- parse-glob@3.0.4
74 silly idealTree:prePrune +-- parse-json@2.2.0
74 silly idealTree:prePrune +-- parsejson@0.0.1
74 silly idealTree:prePrune +-- parseqs@0.0.2
74 silly idealTree:prePrune +-- parseuri@0.0.4
74 silly idealTree:prePrune +-- parseurl@1.3.1
74 silly idealTree:prePrune +-- path-exists@2.1.0
74 silly idealTree:prePrune +-- path-is-absolute@1.0.1
74 silly idealTree:prePrune +-- path-is-inside@1.0.2
74 silly idealTree:prePrune +-- path-type@1.1.0
74 silly idealTree:prePrune +-- pify@2.3.0
74 silly idealTree:prePrune +-- pinkie-promise@2.0.1
74 silly idealTree:prePrune +-- pinkie@2.0.4
74 silly idealTree:prePrune +-- portfinder@0.4.0
74 silly idealTree:prePrune +-- portscanner@2.1.1
74 silly idealTree:prePrune | `-- async@1.5.2
74 silly idealTree:prePrune +-- preserve@0.2.0
74 silly idealTree:prePrune +-- process-nextick-args@1.0.7
74 silly idealTree:prePrune +-- protractor@4.0.9
74 silly idealTree:prePrune | +-- ansi-regex@2.0.0
74 silly idealTree:prePrune | +-- ansi-styles@2.2.1
74 silly idealTree:prePrune | +-- chalk@1.1.3
74 silly idealTree:prePrune | +-- has-ansi@2.0.0
74 silly idealTree:prePrune | +-- strip-ansi@3.0.1
74 silly idealTree:prePrune | `-- supports-color@2.0.0
74 silly idealTree:prePrune +-- punycode@1.4.1
74 silly idealTree:prePrune +-- q@1.4.1
74 silly idealTree:prePrune +-- qjobs@1.1.5
74 silly idealTree:prePrune +-- qs@2.3.3
74 silly idealTree:prePrune +-- randomatic@1.1.6
74 silly idealTree:prePrune +-- range-parser@1.2.0
74 silly idealTree:prePrune +-- raw-body@2.1.7
74 silly idealTree:prePrune +-- read-pkg-up@1.0.1
74 silly idealTree:prePrune +-- read-pkg@1.1.0
74 silly idealTree:prePrune +-- readable-stream@2.2.2
74 silly idealTree:prePrune +-- readdirp@2.1.0
74 silly idealTree:prePrune +-- reflect-metadata@0.1.9
74 silly idealTree:prePrune +-- regex-cache@0.4.3
74 silly idealTree:prePrune +-- repeat-element@1.1.2
74 silly idealTree:prePrune +-- repeat-string@1.6.1
74 silly idealTree:prePrune +-- request@2.78.0
74 silly idealTree:prePrune | `-- qs@6.3.0
74 silly idealTree:prePrune +-- require-directory@2.1.1
74 silly idealTree:prePrune +-- require-main-filename@1.0.1
74 silly idealTree:prePrune +-- requires-port@1.0.0
74 silly idealTree:prePrune +-- resolve@1.2.0
74 silly idealTree:prePrune +-- resp-modifier@6.0.2
74 silly idealTree:prePrune +-- rimraf@2.5.4
74 silly idealTree:prePrune +-- rx@2.3.24
74 silly idealTree:prePrune +-- rxjs@5.0.0-beta.12
74 silly idealTree:prePrune +-- saucelabs@1.3.0
74 silly idealTree:prePrune +-- sax@0.6.1
74 silly idealTree:prePrune +-- selenium-webdriver@2.53.3
74 silly idealTree:prePrune | +-- adm-zip@0.4.4
74 silly idealTree:prePrune | `-- tmp@0.0.24
74 silly idealTree:prePrune +-- semver@4.3.6
74 silly idealTree:prePrune +-- send@0.14.1
74 silly idealTree:prePrune +-- serve-index@1.8.0
74 silly idealTree:prePrune | +-- accepts@1.3.3
74 silly idealTree:prePrune | `-- negotiator@0.6.1
74 silly idealTree:prePrune +-- serve-static@1.11.1
74 silly idealTree:prePrune +-- server-destroy@1.0.1
74 silly idealTree:prePrune +-- set-blocking@2.0.0
74 silly idealTree:prePrune +-- set-immediate-shim@1.0.1
74 silly idealTree:prePrune +-- setprototypeof@1.0.2
74 silly idealTree:prePrune +-- sntp@1.0.9
74 silly idealTree:prePrune +-- socket.io-adapter@0.4.0
74 silly idealTree:prePrune | +-- isarray@0.0.1
74 silly idealTree:prePrune | `-- socket.io-parser@2.2.2
74 silly idealTree:prePrune |   `-- debug@0.7.4
74 silly idealTree:prePrune +-- socket.io-client@1.4.6
74 silly idealTree:prePrune | `-- component-emitter@1.2.0
74 silly idealTree:prePrune +-- socket.io-parser@2.2.6
74 silly idealTree:prePrune | +-- isarray@0.0.1
74 silly idealTree:prePrune | `-- json3@3.3.2
74 silly idealTree:prePrune +-- socket.io@1.4.7
74 silly idealTree:prePrune +-- source-map-support@0.4.7
74 silly idealTree:prePrune +-- source-map@0.5.6
74 silly idealTree:prePrune +-- spawn-default-shell@1.1.0
74 silly idealTree:prePrune +-- spdx-correct@1.0.2
74 silly idealTree:prePrune +-- spdx-expression-parse@1.0.4
74 silly idealTree:prePrune +-- spdx-license-ids@1.2.2
74 silly idealTree:prePrune +-- sprintf-js@1.0.3
74 silly idealTree:prePrune +-- sshpk@1.10.1
74 silly idealTree:prePrune | `-- assert-plus@1.0.0
74 silly idealTree:prePrune +-- statuses@1.3.1
74 silly idealTree:prePrune +-- stream-throttle@0.1.3
74 silly idealTree:prePrune +-- string_decoder@0.10.31
74 silly idealTree:prePrune +-- string-width@1.0.2
74 silly idealTree:prePrune | +-- ansi-regex@2.0.0
74 silly idealTree:prePrune | `-- strip-ansi@3.0.1
74 silly idealTree:prePrune +-- stringstream@0.0.5
74 silly idealTree:prePrune +-- strip-ansi@0.3.0
74 silly idealTree:prePrune +-- strip-bom@2.0.0
74 silly idealTree:prePrune +-- supports-color@0.2.0
74 silly idealTree:prePrune +-- symbol-observable@1.0.4
74 silly idealTree:prePrune +-- systemjs@0.19.40
74 silly idealTree:prePrune +-- tfunk@3.0.2
74 silly idealTree:prePrune | +-- ansi-regex@2.0.0
74 silly idealTree:prePrune | +-- ansi-styles@2.2.1
74 silly idealTree:prePrune | +-- chalk@1.1.3
74 silly idealTree:prePrune | +-- has-ansi@2.0.0
74 silly idealTree:prePrune | +-- strip-ansi@3.0.1
74 silly idealTree:prePrune | `-- supports-color@2.0.0
74 silly idealTree:prePrune +-- tmp@0.0.28
74 silly idealTree:prePrune +-- to-array@0.1.4
74 silly idealTree:prePrune +-- tough-cookie@2.3.2
74 silly idealTree:prePrune +-- tree-kill@1.1.0
74 silly idealTree:prePrune +-- tslint@3.15.1
74 silly idealTree:prePrune | `-- colors@1.1.2
74 silly idealTree:prePrune +-- tunnel-agent@0.4.3
74 silly idealTree:prePrune +-- tweetnacl@0.14.5
74 silly idealTree:prePrune +-- type-is@1.6.14
74 silly idealTree:prePrune +-- typescript@2.1.4
74 silly idealTree:prePrune +-- ua-parser-js@0.7.12
74 silly idealTree:prePrune +-- ultron@1.0.2
74 silly idealTree:prePrune +-- underscore.string@3.3.4
74 silly idealTree:prePrune +-- underscore@1.7.0
74 silly idealTree:prePrune +-- union@0.4.6
74 silly idealTree:prePrune +-- unpipe@1.0.0
74 silly idealTree:prePrune +-- url-join@1.1.0
74 silly idealTree:prePrune +-- useragent@2.1.10
74 silly idealTree:prePrune +-- utf8@2.1.0
74 silly idealTree:prePrune +-- util-deprecate@1.0.2
74 silly idealTree:prePrune +-- utils-merge@1.0.0
74 silly idealTree:prePrune +-- validate-npm-package-license@3.0.1
74 silly idealTree:prePrune +-- verror@1.3.6
74 silly idealTree:prePrune +-- vlq@0.2.1
74 silly idealTree:prePrune +-- void-elements@2.0.1
74 silly idealTree:prePrune +-- webdriver-manager@10.2.5
74 silly idealTree:prePrune | +-- ansi-regex@2.0.0
74 silly idealTree:prePrune | +-- ansi-styles@2.2.1
74 silly idealTree:prePrune | +-- chalk@1.1.3
74 silly idealTree:prePrune | +-- has-ansi@2.0.0
74 silly idealTree:prePrune | +-- semver@5.3.0
74 silly idealTree:prePrune | +-- strip-ansi@3.0.1
74 silly idealTree:prePrune | `-- supports-color@2.0.0
74 silly idealTree:prePrune +-- weinre@2.0.0-pre-I0Z7U9OV
74 silly idealTree:prePrune +-- when@3.7.7
74 silly idealTree:prePrune +-- which-module@1.0.0
74 silly idealTree:prePrune +-- which@1.2.12
74 silly idealTree:prePrune +-- window-size@0.1.4
74 silly idealTree:prePrune +-- wordwrap@0.0.3
74 silly idealTree:prePrune +-- wrap-ansi@2.1.0
74 silly idealTree:prePrune | +-- ansi-regex@2.0.0
74 silly idealTree:prePrune | `-- strip-ansi@3.0.1
74 silly idealTree:prePrune +-- wrappy@1.0.2
74 silly idealTree:prePrune +-- ws@1.0.1
74 silly idealTree:prePrune +-- wtf-8@1.0.0
74 silly idealTree:prePrune +-- xml2js@0.4.4
74 silly idealTree:prePrune +-- xmlbuilder@8.2.2
74 silly idealTree:prePrune +-- xmlhttprequest-ssl@1.5.1
74 silly idealTree:prePrune +-- xtend@4.0.1
74 silly idealTree:prePrune +-- y18n@3.2.1
74 silly idealTree:prePrune +-- yargs-parser@4.2.0
74 silly idealTree:prePrune | `-- camelcase@3.0.0
74 silly idealTree:prePrune +-- yargs@6.4.0
74 silly idealTree:prePrune | +-- camelcase@3.0.0
74 silly idealTree:prePrune | `-- window-size@0.2.0
74 silly idealTree:prePrune +-- yeast@0.1.2
74 silly idealTree:prePrune `-- zone.js@0.6.26
75 silly loadIdealTree Finishing
76 silly currentTree angular-quickstart@1.0.0
76 silly currentTree +-- @angular/common@2.2.4
76 silly currentTree +-- @angular/compiler@2.2.4
76 silly currentTree +-- @angular/core@2.2.4
76 silly currentTree +-- @angular/forms@2.2.4
76 silly currentTree +-- @angular/http@2.2.4
76 silly currentTree +-- @angular/platform-browser-dynamic@2.2.4
76 silly currentTree +-- @angular/platform-browser@2.2.4
76 silly currentTree +-- @angular/router@3.2.4
76 silly currentTree +-- @types/jasmine@2.5.38
76 silly currentTree +-- @types/node@6.0.52
76 silly currentTree +-- @types/q@0.0.30
76 silly currentTree +-- @types/selenium-webdriver@2.53.37
76 silly currentTree +-- abbrev@1.0.9
76 silly currentTree +-- accepts@1.1.4
76 silly currentTree | +-- mime-db@1.12.0
76 silly currentTree | `-- mime-types@2.0.14
76 silly currentTree +-- acorn-jsx@3.0.1
76 silly currentTree +-- acorn-object-spread@1.0.0
76 silly currentTree +-- acorn@3.3.0
76 silly currentTree +-- adm-zip@0.4.7
76 silly currentTree +-- after@0.8.1
76 silly currentTree +-- agent-base@2.0.1
76 silly currentTree | `-- semver@5.0.3
76 silly currentTree +-- angular-in-memory-web-api@0.1.17
76 silly currentTree +-- angular2-jwt@0.1.27
76 silly currentTree +-- ansi-regex@0.2.1
76 silly currentTree +-- ansi-styles@1.1.0
76 silly currentTree +-- anymatch@1.3.0
76 silly currentTree +-- arr-diff@2.0.0
76 silly currentTree +-- arr-flatten@1.0.1
76 silly currentTree +-- array-slice@0.2.3
76 silly currentTree +-- array-union@1.0.2
76 silly currentTree +-- array-uniq@1.0.3
76 silly currentTree +-- array-unique@0.2.1
76 silly currentTree +-- arraybuffer.slice@0.0.6
76 silly currentTree +-- arrify@1.0.1
76 silly currentTree +-- asn1@0.2.3
76 silly currentTree +-- assert-plus@0.2.0
76 silly currentTree +-- async-each-series@0.1.1
76 silly currentTree +-- async-each@1.0.1
76 silly currentTree +-- async@0.9.0
76 silly currentTree +-- asynckit@0.4.0
76 silly currentTree +-- aws-sign2@0.6.0
76 silly currentTree +-- aws4@1.5.0
76 silly currentTree +-- backo2@1.0.2
76 silly currentTree +-- balanced-match@0.4.2
76 silly currentTree +-- base64-arraybuffer@0.1.2
76 silly currentTree +-- base64id@0.1.0
76 silly currentTree +-- batch@0.5.3
76 silly currentTree +-- bcrypt-pbkdf@1.0.0
76 silly currentTree +-- benchmark@1.0.0
76 silly currentTree +-- better-assert@1.0.2
76 silly currentTree +-- binary-extensions@1.8.0
76 silly currentTree +-- blob@0.0.4
76 silly currentTree +-- bluebird@2.9.6
76 silly currentTree +-- body-parser@1.15.2
76 silly currentTree | `-- qs@6.2.0
76 silly currentTree +-- boom@2.10.1
76 silly currentTree +-- bower@1.8.0
76 silly currentTree +-- brace-expansion@1.1.6
76 silly currentTree +-- braces@1.8.5
76 silly currentTree +-- browser-sync-client@2.4.4
76 silly currentTree +-- browser-sync-ui@0.6.2
76 silly currentTree +-- browser-sync@2.18.5
76 silly currentTree | +-- accepts@1.3.3
76 silly currentTree | +-- base64-arraybuffer@0.1.5
76 silly currentTree | +-- debug@2.3.3
76 silly currentTree | +-- engine.io-client@1.8.0
76 silly currentTree | | `-- component-emitter@1.2.1
76 silly currentTree | +-- engine.io-parser@1.3.1
76 silly currentTree | | `-- has-binary@0.1.6
76 silly currentTree | +-- engine.io@1.8.0
76 silly currentTree | +-- http-proxy@1.15.2
76 silly currentTree | +-- isarray@0.0.1
76 silly currentTree | +-- json3@3.3.2
76 silly currentTree | +-- ms@0.7.2
76 silly currentTree | +-- negotiator@0.6.1
76 silly currentTree | +-- parsejson@0.0.3
76 silly currentTree | +-- parseqs@0.0.5
76 silly currentTree | +-- parseuri@0.0.5
76 silly currentTree | +-- qs@6.2.1
76 silly currentTree | +-- rx@4.1.0
76 silly currentTree | +-- socket.io-adapter@0.5.0
76 silly currentTree | +-- socket.io-client@1.6.0
76 silly currentTree | | `-- component-emitter@1.2.1
76 silly currentTree | +-- socket.io-parser@2.3.1
76 silly currentTree | | +-- debug@2.2.0
76 silly currentTree | | `-- ms@0.7.1
76 silly currentTree | +-- socket.io@1.6.0
76 silly currentTree | +-- ws@1.1.1
76 silly currentTree | `-- xmlhttprequest-ssl@1.5.3
76 silly currentTree +-- bs-recipes@1.3.2
76 silly currentTree +-- buble@0.12.5
76 silly currentTree | +-- ansi-regex@2.0.0
76 silly currentTree | +-- ansi-styles@2.2.1
76 silly currentTree | +-- chalk@1.1.3
76 silly currentTree | +-- has-ansi@2.0.0
76 silly currentTree | +-- strip-ansi@3.0.1
76 silly currentTree | `-- supports-color@2.0.0
76 silly currentTree +-- bubleify@0.5.1
76 silly currentTree +-- buffer-shims@1.0.0
76 silly currentTree +-- builtin-modules@1.1.1
76 silly currentTree +-- bytes@2.4.0
76 silly currentTree +-- callsite@1.0.0
76 silly currentTree +-- camelcase@1.2.1
76 silly currentTree +-- canonical-path@0.0.2
76 silly currentTree +-- caseless@0.11.0
76 silly currentTree +-- chalk@0.5.1
76 silly currentTree +-- chokidar@1.6.1
76 silly currentTree +-- cliui@3.2.0
76 silly currentTree | +-- ansi-regex@2.0.0
76 silly currentTree | `-- strip-ansi@3.0.1
76 silly currentTree +-- code-point-at@1.1.0
76 silly currentTree +-- colors@1.0.3
76 silly currentTree +-- combine-lists@1.0.1
76 silly currentTree +-- combined-stream@1.0.5
76 silly currentTree +-- commander@2.6.0
76 silly currentTree +-- component-bind@1.0.0
76 silly currentTree +-- component-emitter@1.1.2
76 silly currentTree +-- component-inherit@0.0.3
76 silly currentTree +-- concat-map@0.0.1
76 silly currentTree +-- concurrently@3.1.0
76 silly currentTree +-- connect-history-api-fallback@1.3.0
76 silly currentTree +-- connect-logger@0.0.1
76 silly currentTree +-- connect@3.5.0
76 silly currentTree +-- content-type@1.0.2
76 silly currentTree +-- cookie@0.3.1
76 silly currentTree +-- core-js@2.4.1
76 silly currentTree +-- core-util-is@1.0.2
76 silly currentTree +-- corser@2.0.1
76 silly currentTree +-- cryptiles@2.0.5
76 silly currentTree +-- custom-event@1.0.1
76 silly currentTree +-- dashdash@1.14.1
76 silly currentTree | `-- assert-plus@1.0.0
76 silly currentTree +-- debug@2.2.0
76 silly currentTree +-- decamelize@1.2.0
76 silly currentTree +-- del@2.2.2
76 silly currentTree +-- delayed-stream@1.0.0
76 silly currentTree +-- depd@1.1.0
76 silly currentTree +-- destroy@1.0.4
76 silly currentTree +-- dev-ip@1.0.1
76 silly currentTree +-- di@0.0.1
76 silly currentTree +-- diff@2.2.3
76 silly currentTree +-- dom-serialize@2.2.1
76 silly currentTree +-- easy-extender@2.3.2
76 silly currentTree | `-- lodash@3.10.1
76 silly currentTree +-- eazy-logger@3.0.2
76 silly currentTree +-- ecc-jsbn@0.1.1
76 silly currentTree +-- ecstatic@1.4.1
76 silly currentTree +-- ee-first@1.1.1
76 silly currentTree +-- emitter-steward@1.0.0
76 silly currentTree +-- encodeurl@1.0.1
76 silly currentTree +-- engine.io-client@1.6.9
76 silly currentTree +-- engine.io-parser@1.2.4
76 silly currentTree | +-- has-binary@0.1.6
76 silly currentTree | `-- isarray@0.0.1
76 silly currentTree +-- engine.io@1.6.10
76 silly currentTree +-- ent@2.2.0
76 silly currentTree +-- error-ex@1.3.0
76 silly currentTree +-- escape-html@1.0.3
76 silly currentTree +-- escape-string-regexp@1.0.5
76 silly currentTree +-- etag@1.7.0
76 silly currentTree +-- eventemitter3@1.2.0
76 silly currentTree +-- exit@0.1.2
76 silly currentTree +-- expand-braces@0.1.2
76 silly currentTree | +-- braces@0.1.5
76 silly currentTree | +-- expand-range@0.1.1
76 silly currentTree | +-- is-number@0.1.1
76 silly currentTree | `-- repeat-string@0.2.2
76 silly currentTree +-- expand-brackets@0.1.5
76 silly currentTree +-- expand-range@1.8.2
76 silly currentTree +-- express@2.5.11
76 silly currentTree | +-- connect@1.9.2
76 silly currentTree | +-- mime@1.2.4
76 silly currentTree | +-- mkdirp@0.3.0
76 silly currentTree | `-- qs@0.4.2
76 silly currentTree +-- extend@3.0.0
76 silly currentTree +-- extglob@0.3.2
76 silly currentTree +-- extsprintf@1.0.2
76 silly currentTree +-- filename-regex@2.0.0
76 silly currentTree +-- fill-range@2.2.3
76 silly currentTree +-- finalhandler@0.5.0
76 silly currentTree +-- find-up@1.1.2
76 silly currentTree +-- findup-sync@0.3.0
76 silly currentTree | `-- glob@5.0.15
76 silly currentTree +-- for-in@0.1.6
76 silly currentTree +-- for-own@0.1.4
76 silly currentTree +-- forever-agent@0.6.1
76 silly currentTree +-- form-data@2.1.2
76 silly currentTree +-- formidable@1.0.17
76 silly currentTree +-- fresh@0.3.0
76 silly currentTree +-- fs-access@1.0.1
76 silly currentTree +-- fs-extra@1.0.0
76 silly currentTree +-- fs.realpath@1.0.0
76 silly currentTree +-- generate-function@2.0.0
76 silly currentTree +-- generate-object-property@1.2.0
76 silly currentTree +-- get-caller-file@1.0.2
76 silly currentTree +-- getpass@0.1.6
76 silly currentTree | `-- assert-plus@1.0.0
76 silly currentTree +-- glob-base@0.3.0
76 silly currentTree +-- glob-parent@2.0.0
76 silly currentTree +-- glob@7.1.1
76 silly currentTree +-- globby@5.0.0
76 silly currentTree +-- graceful-fs@4.1.11
76 silly currentTree +-- graceful-readlink@1.0.1
76 silly currentTree +-- har-validator@2.0.6
76 silly currentTree | +-- ansi-regex@2.0.0
76 silly currentTree | +-- ansi-styles@2.2.1
76 silly currentTree | +-- chalk@1.1.3
76 silly currentTree | +-- commander@2.9.0
76 silly currentTree | +-- has-ansi@2.0.0
76 silly currentTree | +-- strip-ansi@3.0.1
76 silly currentTree | `-- supports-color@2.0.0
76 silly currentTree +-- has-ansi@0.1.0
76 silly currentTree +-- has-binary@0.1.7
76 silly currentTree | `-- isarray@0.0.1
76 silly currentTree +-- has-cors@1.1.0
76 silly currentTree +-- hawk@3.1.3
76 silly currentTree +-- he@0.5.0
76 silly currentTree +-- hoek@2.16.3
76 silly currentTree +-- hosted-git-info@2.1.5
76 silly currentTree +-- http-errors@1.5.1
76 silly currentTree +-- http-proxy@1.16.2
76 silly currentTree +-- http-server@0.9.0
76 silly currentTree +-- http-signature@1.1.1
76 silly currentTree +-- https-proxy-agent@1.0.0
76 silly currentTree +-- iconv-lite@0.4.13
76 silly currentTree +-- immutable@3.8.1
76 silly currentTree +-- indexof@0.0.1
76 silly currentTree +-- inflight@1.0.6
76 silly currentTree +-- inherits@2.0.3
76 silly currentTree +-- ini@1.3.4
76 silly currentTree +-- invert-kv@1.0.0
76 silly currentTree +-- is-arrayish@0.2.1
76 silly currentTree +-- is-binary-path@1.0.1
76 silly currentTree +-- is-buffer@1.1.4
76 silly currentTree +-- is-builtin-module@1.0.0
76 silly currentTree +-- is-dotfile@1.0.2
76 silly currentTree +-- is-equal-shallow@0.1.3
76 silly currentTree +-- is-extendable@0.1.1
76 silly currentTree +-- is-extglob@1.0.0
76 silly currentTree +-- is-fullwidth-code-point@1.0.0
76 silly currentTree +-- is-glob@2.0.1
76 silly currentTree +-- is-my-json-valid@2.15.0
76 silly currentTree +-- is-number-like@1.0.7
76 silly currentTree +-- is-number@2.1.0
76 silly currentTree +-- is-path-cwd@1.0.0
76 silly currentTree +-- is-path-in-cwd@1.0.0
76 silly currentTree +-- is-path-inside@1.0.0
76 silly currentTree +-- is-posix-bracket@0.1.1
76 silly currentTree +-- is-primitive@2.0.0
76 silly currentTree +-- is-property@1.0.2
76 silly currentTree +-- is-typedarray@1.0.0
76 silly currentTree +-- is-utf8@0.2.1
76 silly currentTree +-- isarray@1.0.0
76 silly currentTree +-- isbinaryfile@3.0.1
76 silly currentTree +-- isexe@1.1.2
76 silly currentTree +-- isobject@2.1.0
76 silly currentTree +-- isstream@0.1.2
76 silly currentTree +-- jasmine-core@2.4.1
76 silly currentTree +-- jasmine@2.5.2
76 silly currentTree | `-- jasmine-core@2.5.2
76 silly currentTree +-- jasminewd2@0.0.10
76 silly currentTree +-- jodid25519@1.0.2
76 silly currentTree +-- jsbn@0.1.0
76 silly currentTree +-- json-schema@0.2.3
76 silly currentTree +-- json-stringify-safe@5.0.1
76 silly currentTree +-- json3@3.2.6
76 silly currentTree +-- jsonfile@2.4.0
76 silly currentTree +-- jsonpointer@4.0.1
76 silly currentTree +-- jsprim@1.3.1
76 silly currentTree +-- karma-chrome-launcher@2.0.0
76 silly currentTree +-- karma-cli@1.0.1
76 silly currentTree +-- karma-jasmine-html-reporter@0.2.2
76 silly currentTree +-- karma-jasmine@1.1.0
76 silly currentTree +-- karma@1.3.0
76 silly currentTree | +-- bluebird@3.4.7
76 silly currentTree | +-- colors@1.1.2
76 silly currentTree | `-- lodash@3.10.1
76 silly currentTree +-- kind-of@3.1.0
76 silly currentTree +-- klaw@1.3.1
76 silly currentTree +-- lcid@1.0.0
76 silly currentTree +-- limiter@1.1.0
76 silly currentTree +-- lite-server@2.2.2
76 silly currentTree +-- load-json-file@1.1.0
76 silly currentTree +-- localtunnel@1.8.2
76 silly currentTree | `-- yargs@3.29.0
76 silly currentTree +-- lodash.isfinite@3.3.2
76 silly currentTree +-- lodash@4.17.2
76 silly currentTree +-- log4js@0.6.38
76 silly currentTree | +-- isarray@0.0.1
76 silly currentTree | `-- readable-stream@1.0.34
76 silly currentTree +-- lru-cache@2.2.4
76 silly currentTree +-- magic-string@0.14.0
76 silly currentTree +-- media-typer@0.3.0
76 silly currentTree +-- micromatch@2.3.11
76 silly currentTree +-- mime-db@1.25.0
76 silly currentTree +-- mime-types@2.1.13
76 silly currentTree +-- mime@1.3.4
76 silly currentTree +-- minimatch@3.0.3
76 silly currentTree +-- minimist@1.2.0
76 silly currentTree +-- mkdirp@0.5.1
76 silly currentTree | `-- minimist@0.0.8
76 silly currentTree +-- moment@2.17.1
76 silly currentTree +-- ms@0.7.1
76 silly currentTree +-- negotiator@0.4.9
76 silly currentTree +-- node-uuid@1.4.7
76 silly currentTree +-- nopt@3.0.6
76 silly currentTree +-- normalize-package-data@2.3.5
76 silly currentTree +-- normalize-path@2.0.1
76 silly currentTree +-- null-check@1.0.0
76 silly currentTree +-- number-is-nan@1.0.1
76 silly currentTree +-- oauth-sign@0.8.2
76 silly currentTree +-- object-assign@4.1.0
76 silly currentTree +-- object-component@0.0.3
76 silly currentTree +-- object-path@0.9.2
76 silly currentTree +-- object.omit@2.0.1
76 silly currentTree +-- on-finished@2.3.0
76 silly currentTree +-- once@1.4.0
76 silly currentTree +-- opener@1.4.2
76 silly currentTree +-- openurl@1.1.0
76 silly currentTree +-- opn@4.0.2
76 silly currentTree +-- optimist@0.6.1
76 silly currentTree | `-- minimist@0.0.10
76 silly currentTree +-- options@0.0.6
76 silly currentTree +-- os-homedir@1.0.2
76 silly currentTree +-- os-locale@1.4.0
76 silly currentTree +-- os-tmpdir@1.0.2
76 silly currentTree +-- parse-glob@3.0.4
76 silly currentTree +-- parse-json@2.2.0
76 silly currentTree +-- parsejson@0.0.1
76 silly currentTree +-- parseqs@0.0.2
76 silly currentTree +-- parseuri@0.0.4
76 silly currentTree +-- parseurl@1.3.1
76 silly currentTree +-- path-exists@2.1.0
76 silly currentTree +-- path-is-absolute@1.0.1
76 silly currentTree +-- path-is-inside@1.0.2
76 silly currentTree +-- path-type@1.1.0
76 silly currentTree +-- pify@2.3.0
76 silly currentTree +-- pinkie-promise@2.0.1
76 silly currentTree +-- pinkie@2.0.4
76 silly currentTree +-- portfinder@0.4.0
76 silly currentTree +-- portscanner@2.1.1
76 silly currentTree | `-- async@1.5.2
76 silly currentTree +-- preserve@0.2.0
76 silly currentTree +-- process-nextick-args@1.0.7
76 silly currentTree +-- protractor@4.0.9
76 silly currentTree | +-- ansi-regex@2.0.0
76 silly currentTree | +-- ansi-styles@2.2.1
76 silly currentTree | +-- chalk@1.1.3
76 silly currentTree | +-- has-ansi@2.0.0
76 silly currentTree | +-- strip-ansi@3.0.1
76 silly currentTree | `-- supports-color@2.0.0
76 silly currentTree +-- punycode@1.4.1
76 silly currentTree +-- q@1.4.1
76 silly currentTree +-- qjobs@1.1.5
76 silly currentTree +-- qs@2.3.3
76 silly currentTree +-- randomatic@1.1.6
76 silly currentTree +-- range-parser@1.2.0
76 silly currentTree +-- raw-body@2.1.7
76 silly currentTree +-- read-pkg-up@1.0.1
76 silly currentTree +-- read-pkg@1.1.0
76 silly currentTree +-- readable-stream@2.2.2
76 silly currentTree +-- readdirp@2.1.0
76 silly currentTree +-- reflect-metadata@0.1.9
76 silly currentTree +-- regex-cache@0.4.3
76 silly currentTree +-- repeat-element@1.1.2
76 silly currentTree +-- repeat-string@1.6.1
76 silly currentTree +-- request@2.78.0
76 silly currentTree | `-- qs@6.3.0
76 silly currentTree +-- require-directory@2.1.1
76 silly currentTree +-- require-main-filename@1.0.1
76 silly currentTree +-- requires-port@1.0.0
76 silly currentTree +-- resolve@1.2.0
76 silly currentTree +-- resp-modifier@6.0.2
76 silly currentTree +-- rimraf@2.5.4
76 silly currentTree +-- rx@2.3.24
76 silly currentTree +-- rxjs@5.0.0-beta.12
76 silly currentTree +-- saucelabs@1.3.0
76 silly currentTree +-- sax@0.6.1
76 silly currentTree +-- selenium-webdriver@2.53.3
76 silly currentTree | +-- adm-zip@0.4.4
76 silly currentTree | `-- tmp@0.0.24
76 silly currentTree +-- semver@4.3.6
76 silly currentTree +-- send@0.14.1
76 silly currentTree +-- serve-index@1.8.0
76 silly currentTree | +-- accepts@1.3.3
76 silly currentTree | `-- negotiator@0.6.1
76 silly currentTree +-- serve-static@1.11.1
76 silly currentTree +-- server-destroy@1.0.1
76 silly currentTree +-- set-blocking@2.0.0
76 silly currentTree +-- set-immediate-shim@1.0.1
76 silly currentTree +-- setprototypeof@1.0.2
76 silly currentTree +-- sntp@1.0.9
76 silly currentTree +-- socket.io-adapter@0.4.0
76 silly currentTree | +-- isarray@0.0.1
76 silly currentTree | `-- socket.io-parser@2.2.2
76 silly currentTree |   `-- debug@0.7.4
76 silly currentTree +-- socket.io-client@1.4.6
76 silly currentTree | `-- component-emitter@1.2.0
76 silly currentTree +-- socket.io-parser@2.2.6
76 silly currentTree | +-- isarray@0.0.1
76 silly currentTree | `-- json3@3.3.2
76 silly currentTree +-- socket.io@1.4.7
76 silly currentTree +-- source-map-support@0.4.7
76 silly currentTree +-- source-map@0.5.6
76 silly currentTree +-- spawn-default-shell@1.1.0
76 silly currentTree +-- spdx-correct@1.0.2
76 silly currentTree +-- spdx-expression-parse@1.0.4
76 silly currentTree +-- spdx-license-ids@1.2.2
76 silly currentTree +-- sprintf-js@1.0.3
76 silly currentTree +-- sshpk@1.10.1
76 silly currentTree | `-- assert-plus@1.0.0
76 silly currentTree +-- statuses@1.3.1
76 silly currentTree +-- stream-throttle@0.1.3
76 silly currentTree +-- string_decoder@0.10.31
76 silly currentTree +-- string-width@1.0.2
76 silly currentTree | +-- ansi-regex@2.0.0
76 silly currentTree | `-- strip-ansi@3.0.1
76 silly currentTree +-- stringstream@0.0.5
76 silly currentTree +-- strip-ansi@0.3.0
76 silly currentTree +-- strip-bom@2.0.0
76 silly currentTree +-- supports-color@0.2.0
76 silly currentTree +-- symbol-observable@1.0.4
76 silly currentTree +-- systemjs@0.19.40
76 silly currentTree +-- tfunk@3.0.2
76 silly currentTree | +-- ansi-regex@2.0.0
76 silly currentTree | +-- ansi-styles@2.2.1
76 silly currentTree | +-- chalk@1.1.3
76 silly currentTree | +-- has-ansi@2.0.0
76 silly currentTree | +-- strip-ansi@3.0.1
76 silly currentTree | `-- supports-color@2.0.0
76 silly currentTree +-- tmp@0.0.28
76 silly currentTree +-- to-array@0.1.4
76 silly currentTree +-- tough-cookie@2.3.2
76 silly currentTree +-- tree-kill@1.1.0
76 silly currentTree +-- tslint@3.15.1
76 silly currentTree | `-- colors@1.1.2
76 silly currentTree +-- tunnel-agent@0.4.3
76 silly currentTree +-- tweetnacl@0.14.5
76 silly currentTree +-- type-is@1.6.14
76 silly currentTree +-- typescript@2.1.4
76 silly currentTree +-- ua-parser-js@0.7.12
76 silly currentTree +-- ultron@1.0.2
76 silly currentTree +-- underscore.string@3.3.4
76 silly currentTree +-- underscore@1.7.0
76 silly currentTree +-- union@0.4.6
76 silly currentTree +-- unpipe@1.0.0
76 silly currentTree +-- url-join@1.1.0
76 silly currentTree +-- useragent@2.1.10
76 silly currentTree +-- utf8@2.1.0
76 silly currentTree +-- util-deprecate@1.0.2
76 silly currentTree +-- utils-merge@1.0.0
76 silly currentTree +-- validate-npm-package-license@3.0.1
76 silly currentTree +-- verror@1.3.6
76 silly currentTree +-- vlq@0.2.1
76 silly currentTree +-- void-elements@2.0.1
76 silly currentTree +-- webdriver-manager@10.2.5
76 silly currentTree | +-- ansi-regex@2.0.0
76 silly currentTree | +-- ansi-styles@2.2.1
76 silly currentTree | +-- chalk@1.1.3
76 silly currentTree | +-- has-ansi@2.0.0
76 silly currentTree | +-- semver@5.3.0
76 silly currentTree | +-- strip-ansi@3.0.1
76 silly currentTree | `-- supports-color@2.0.0
76 silly currentTree +-- weinre@2.0.0-pre-I0Z7U9OV
76 silly currentTree +-- when@3.7.7
76 silly currentTree +-- which-module@1.0.0
76 silly currentTree +-- which@1.2.12
76 silly currentTree +-- window-size@0.1.4
76 silly currentTree +-- wordwrap@0.0.3
76 silly currentTree +-- wrap-ansi@2.1.0
76 silly currentTree | +-- ansi-regex@2.0.0
76 silly currentTree | `-- strip-ansi@3.0.1
76 silly currentTree +-- wrappy@1.0.2
76 silly currentTree +-- ws@1.0.1
76 silly currentTree +-- wtf-8@1.0.0
76 silly currentTree +-- xml2js@0.4.4
76 silly currentTree +-- xmlbuilder@8.2.2
76 silly currentTree +-- xmlhttprequest-ssl@1.5.1
76 silly currentTree +-- xtend@4.0.1
76 silly currentTree +-- y18n@3.2.1
76 silly currentTree +-- yargs-parser@4.2.0
76 silly currentTree | `-- camelcase@3.0.0
76 silly currentTree +-- yargs@6.4.0
76 silly currentTree | +-- camelcase@3.0.0
76 silly currentTree | `-- window-size@0.2.0
76 silly currentTree +-- yeast@0.1.2
76 silly currentTree `-- zone.js@0.6.26
77 silly idealTree angular-quickstart@1.0.0
77 silly idealTree +-- @angular/common@2.2.4
77 silly idealTree +-- @angular/compiler@2.2.4
77 silly idealTree +-- @angular/core@2.2.4
77 silly idealTree +-- @angular/forms@2.2.4
77 silly idealTree +-- @angular/http@2.2.4
77 silly idealTree +-- @angular/platform-browser-dynamic@2.2.4
77 silly idealTree +-- @angular/platform-browser@2.2.4
77 silly idealTree +-- @angular/router@3.2.4
77 silly idealTree +-- @types/jasmine@2.5.38
77 silly idealTree +-- @types/node@6.0.52
77 silly idealTree +-- @types/q@0.0.30
77 silly idealTree +-- @types/selenium-webdriver@2.53.37
77 silly idealTree +-- abbrev@1.0.9
77 silly idealTree +-- accepts@1.1.4
77 silly idealTree | +-- mime-db@1.12.0
77 silly idealTree | `-- mime-types@2.0.14
77 silly idealTree +-- acorn-jsx@3.0.1
77 silly idealTree +-- acorn-object-spread@1.0.0
77 silly idealTree +-- acorn@3.3.0
77 silly idealTree +-- adm-zip@0.4.7
77 silly idealTree +-- after@0.8.1
77 silly idealTree +-- agent-base@2.0.1
77 silly idealTree | `-- semver@5.0.3
77 silly idealTree +-- angular-in-memory-web-api@0.1.17
77 silly idealTree +-- angular2-jwt@0.1.27
77 silly idealTree +-- ansi-regex@0.2.1
77 silly idealTree +-- ansi-styles@1.1.0
77 silly idealTree +-- anymatch@1.3.0
77 silly idealTree +-- arr-diff@2.0.0
77 silly idealTree +-- arr-flatten@1.0.1
77 silly idealTree +-- array-slice@0.2.3
77 silly idealTree +-- array-union@1.0.2
77 silly idealTree +-- array-uniq@1.0.3
77 silly idealTree +-- array-unique@0.2.1
77 silly idealTree +-- arraybuffer.slice@0.0.6
77 silly idealTree +-- arrify@1.0.1
77 silly idealTree +-- asn1@0.2.3
77 silly idealTree +-- assert-plus@0.2.0
77 silly idealTree +-- async-each-series@0.1.1
77 silly idealTree +-- async-each@1.0.1
77 silly idealTree +-- async@0.9.0
77 silly idealTree +-- asynckit@0.4.0
77 silly idealTree +-- aws-sign2@0.6.0
77 silly idealTree +-- aws4@1.5.0
77 silly idealTree +-- backo2@1.0.2
77 silly idealTree +-- balanced-match@0.4.2
77 silly idealTree +-- base64-arraybuffer@0.1.2
77 silly idealTree +-- base64id@0.1.0
77 silly idealTree +-- batch@0.5.3
77 silly idealTree +-- bcrypt-pbkdf@1.0.0
77 silly idealTree +-- benchmark@1.0.0
77 silly idealTree +-- better-assert@1.0.2
77 silly idealTree +-- binary-extensions@1.8.0
77 silly idealTree +-- blob@0.0.4
77 silly idealTree +-- bluebird@2.9.6
77 silly idealTree +-- body-parser@1.15.2
77 silly idealTree | `-- qs@6.2.0
77 silly idealTree +-- boom@2.10.1
77 silly idealTree +-- bower@1.8.0
77 silly idealTree +-- brace-expansion@1.1.6
77 silly idealTree +-- braces@1.8.5
77 silly idealTree +-- browser-sync-client@2.4.4
77 silly idealTree +-- browser-sync-ui@0.6.2
77 silly idealTree +-- browser-sync@2.18.5
77 silly idealTree | +-- accepts@1.3.3
77 silly idealTree | +-- base64-arraybuffer@0.1.5
77 silly idealTree | +-- debug@2.3.3
77 silly idealTree | +-- engine.io-client@1.8.0
77 silly idealTree | | `-- component-emitter@1.2.1
77 silly idealTree | +-- engine.io-parser@1.3.1
77 silly idealTree | | `-- has-binary@0.1.6
77 silly idealTree | +-- engine.io@1.8.0
77 silly idealTree | +-- http-proxy@1.15.2
77 silly idealTree | +-- isarray@0.0.1
77 silly idealTree | +-- json3@3.3.2
77 silly idealTree | +-- ms@0.7.2
77 silly idealTree | +-- negotiator@0.6.1
77 silly idealTree | +-- parsejson@0.0.3
77 silly idealTree | +-- parseqs@0.0.5
77 silly idealTree | +-- parseuri@0.0.5
77 silly idealTree | +-- qs@6.2.1
77 silly idealTree | +-- rx@4.1.0
77 silly idealTree | +-- socket.io-adapter@0.5.0
77 silly idealTree | +-- socket.io-client@1.6.0
77 silly idealTree | | `-- component-emitter@1.2.1
77 silly idealTree | +-- socket.io-parser@2.3.1
77 silly idealTree | | +-- debug@2.2.0
77 silly idealTree | | `-- ms@0.7.1
77 silly idealTree | +-- socket.io@1.6.0
77 silly idealTree | +-- ws@1.1.1
77 silly idealTree | `-- xmlhttprequest-ssl@1.5.3
77 silly idealTree +-- bs-recipes@1.3.2
77 silly idealTree +-- buble@0.12.5
77 silly idealTree | +-- ansi-regex@2.0.0
77 silly idealTree | +-- ansi-styles@2.2.1
77 silly idealTree | +-- chalk@1.1.3
77 silly idealTree | +-- has-ansi@2.0.0
77 silly idealTree | +-- strip-ansi@3.0.1
77 silly idealTree | `-- supports-color@2.0.0
77 silly idealTree +-- bubleify@0.5.1
77 silly idealTree +-- buffer-shims@1.0.0
77 silly idealTree +-- builtin-modules@1.1.1
77 silly idealTree +-- bytes@2.4.0
77 silly idealTree +-- callsite@1.0.0
77 silly idealTree +-- camelcase@1.2.1
77 silly idealTree +-- canonical-path@0.0.2
77 silly idealTree +-- caseless@0.11.0
77 silly idealTree +-- chalk@0.5.1
77 silly idealTree +-- chokidar@1.6.1
77 silly idealTree +-- cliui@3.2.0
77 silly idealTree | +-- ansi-regex@2.0.0
77 silly idealTree | `-- strip-ansi@3.0.1
77 silly idealTree +-- code-point-at@1.1.0
77 silly idealTree +-- colors@1.0.3
77 silly idealTree +-- combine-lists@1.0.1
77 silly idealTree +-- combined-stream@1.0.5
77 silly idealTree +-- commander@2.6.0
77 silly idealTree +-- component-bind@1.0.0
77 silly idealTree +-- component-emitter@1.1.2
77 silly idealTree +-- component-inherit@0.0.3
77 silly idealTree +-- concat-map@0.0.1
77 silly idealTree +-- concurrently@3.1.0
77 silly idealTree +-- connect-history-api-fallback@1.3.0
77 silly idealTree +-- connect-logger@0.0.1
77 silly idealTree +-- connect@3.5.0
77 silly idealTree +-- content-type@1.0.2
77 silly idealTree +-- cookie@0.3.1
77 silly idealTree +-- core-js@2.4.1
77 silly idealTree +-- core-util-is@1.0.2
77 silly idealTree +-- corser@2.0.1
77 silly idealTree +-- cryptiles@2.0.5
77 silly idealTree +-- custom-event@1.0.1
77 silly idealTree +-- dashdash@1.14.1
77 silly idealTree | `-- assert-plus@1.0.0
77 silly idealTree +-- debug@2.2.0
77 silly idealTree +-- decamelize@1.2.0
77 silly idealTree +-- del@2.2.2
77 silly idealTree +-- delayed-stream@1.0.0
77 silly idealTree +-- depd@1.1.0
77 silly idealTree +-- destroy@1.0.4
77 silly idealTree +-- dev-ip@1.0.1
77 silly idealTree +-- di@0.0.1
77 silly idealTree +-- diff@2.2.3
77 silly idealTree +-- dom-serialize@2.2.1
77 silly idealTree +-- easy-extender@2.3.2
77 silly idealTree | `-- lodash@3.10.1
77 silly idealTree +-- eazy-logger@3.0.2
77 silly idealTree +-- ecc-jsbn@0.1.1
77 silly idealTree +-- ecstatic@1.4.1
77 silly idealTree +-- ee-first@1.1.1
77 silly idealTree +-- emitter-steward@1.0.0
77 silly idealTree +-- encodeurl@1.0.1
77 silly idealTree +-- engine.io-client@1.6.9
77 silly idealTree +-- engine.io-parser@1.2.4
77 silly idealTree | +-- has-binary@0.1.6
77 silly idealTree | `-- isarray@0.0.1
77 silly idealTree +-- engine.io@1.6.10
77 silly idealTree +-- ent@2.2.0
77 silly idealTree +-- error-ex@1.3.0
77 silly idealTree +-- escape-html@1.0.3
77 silly idealTree +-- escape-string-regexp@1.0.5
77 silly idealTree +-- etag@1.7.0
77 silly idealTree +-- eventemitter3@1.2.0
77 silly idealTree +-- exit@0.1.2
77 silly idealTree +-- expand-braces@0.1.2
77 silly idealTree | +-- braces@0.1.5
77 silly idealTree | +-- expand-range@0.1.1
77 silly idealTree | +-- is-number@0.1.1
77 silly idealTree | `-- repeat-string@0.2.2
77 silly idealTree +-- expand-brackets@0.1.5
77 silly idealTree +-- expand-range@1.8.2
77 silly idealTree +-- express@2.5.11
77 silly idealTree | +-- connect@1.9.2
77 silly idealTree | +-- mime@1.2.4
77 silly idealTree | +-- mkdirp@0.3.0
77 silly idealTree | `-- qs@0.4.2
77 silly idealTree +-- extend@3.0.0
77 silly idealTree +-- extglob@0.3.2
77 silly idealTree +-- extsprintf@1.0.2
77 silly idealTree +-- filename-regex@2.0.0
77 silly idealTree +-- fill-range@2.2.3
77 silly idealTree +-- finalhandler@0.5.0
77 silly idealTree +-- find-up@1.1.2
77 silly idealTree +-- findup-sync@0.3.0
77 silly idealTree | `-- glob@5.0.15
77 silly idealTree +-- for-in@0.1.6
77 silly idealTree +-- for-own@0.1.4
77 silly idealTree +-- forever-agent@0.6.1
77 silly idealTree +-- form-data@2.1.2
77 silly idealTree +-- formidable@1.0.17
77 silly idealTree +-- fresh@0.3.0
77 silly idealTree +-- fs-access@1.0.1
77 silly idealTree +-- fs-extra@1.0.0
77 silly idealTree +-- fs.realpath@1.0.0
77 silly idealTree +-- generate-function@2.0.0
77 silly idealTree +-- generate-object-property@1.2.0
77 silly idealTree +-- get-caller-file@1.0.2
77 silly idealTree +-- getpass@0.1.6
77 silly idealTree | `-- assert-plus@1.0.0
77 silly idealTree +-- glob-base@0.3.0
77 silly idealTree +-- glob-parent@2.0.0
77 silly idealTree +-- glob@7.1.1
77 silly idealTree +-- globby@5.0.0
77 silly idealTree +-- graceful-fs@4.1.11
77 silly idealTree +-- graceful-readlink@1.0.1
77 silly idealTree +-- har-validator@2.0.6
77 silly idealTree | +-- ansi-regex@2.0.0
77 silly idealTree | +-- ansi-styles@2.2.1
77 silly idealTree | +-- chalk@1.1.3
77 silly idealTree | +-- commander@2.9.0
77 silly idealTree | +-- has-ansi@2.0.0
77 silly idealTree | +-- strip-ansi@3.0.1
77 silly idealTree | `-- supports-color@2.0.0
77 silly idealTree +-- has-ansi@0.1.0
77 silly idealTree +-- has-binary@0.1.7
77 silly idealTree | `-- isarray@0.0.1
77 silly idealTree +-- has-cors@1.1.0
77 silly idealTree +-- hawk@3.1.3
77 silly idealTree +-- he@0.5.0
77 silly idealTree +-- hoek@2.16.3
77 silly idealTree +-- hosted-git-info@2.1.5
77 silly idealTree +-- http-errors@1.5.1
77 silly idealTree +-- http-proxy@1.16.2
77 silly idealTree +-- http-server@0.9.0
77 silly idealTree +-- http-signature@1.1.1
77 silly idealTree +-- https-proxy-agent@1.0.0
77 silly idealTree +-- iconv-lite@0.4.13
77 silly idealTree +-- immutable@3.8.1
77 silly idealTree +-- indexof@0.0.1
77 silly idealTree +-- inflight@1.0.6
77 silly idealTree +-- inherits@2.0.3
77 silly idealTree +-- ini@1.3.4
77 silly idealTree +-- invert-kv@1.0.0
77 silly idealTree +-- is-arrayish@0.2.1
77 silly idealTree +-- is-binary-path@1.0.1
77 silly idealTree +-- is-buffer@1.1.4
77 silly idealTree +-- is-builtin-module@1.0.0
77 silly idealTree +-- is-dotfile@1.0.2
77 silly idealTree +-- is-equal-shallow@0.1.3
77 silly idealTree +-- is-extendable@0.1.1
77 silly idealTree +-- is-extglob@1.0.0
77 silly idealTree +-- is-fullwidth-code-point@1.0.0
77 silly idealTree +-- is-glob@2.0.1
77 silly idealTree +-- is-my-json-valid@2.15.0
77 silly idealTree +-- is-number-like@1.0.7
77 silly idealTree +-- is-number@2.1.0
77 silly idealTree +-- is-path-cwd@1.0.0
77 silly idealTree +-- is-path-in-cwd@1.0.0
77 silly idealTree +-- is-path-inside@1.0.0
77 silly idealTree +-- is-posix-bracket@0.1.1
77 silly idealTree +-- is-primitive@2.0.0
77 silly idealTree +-- is-property@1.0.2
77 silly idealTree +-- is-typedarray@1.0.0
77 silly idealTree +-- is-utf8@0.2.1
77 silly idealTree +-- isarray@1.0.0
77 silly idealTree +-- isbinaryfile@3.0.1
77 silly idealTree +-- isexe@1.1.2
77 silly idealTree +-- isobject@2.1.0
77 silly idealTree +-- isstream@0.1.2
77 silly idealTree +-- jasmine-core@2.4.1
77 silly idealTree +-- jasmine@2.5.2
77 silly idealTree | `-- jasmine-core@2.5.2
77 silly idealTree +-- jasminewd2@0.0.10
77 silly idealTree +-- jodid25519@1.0.2
77 silly idealTree +-- jsbn@0.1.0
77 silly idealTree +-- json-schema@0.2.3
77 silly idealTree +-- json-stringify-safe@5.0.1
77 silly idealTree +-- json3@3.2.6
77 silly idealTree +-- jsonfile@2.4.0
77 silly idealTree +-- jsonpointer@4.0.1
77 silly idealTree +-- jsprim@1.3.1
77 silly idealTree +-- karma-chrome-launcher@2.0.0
77 silly idealTree +-- karma-cli@1.0.1
77 silly idealTree +-- karma-jasmine-html-reporter@0.2.2
77 silly idealTree +-- karma-jasmine@1.1.0
77 silly idealTree +-- karma@1.3.0
77 silly idealTree | +-- bluebird@3.4.7
77 silly idealTree | +-- colors@1.1.2
77 silly idealTree | `-- lodash@3.10.1
77 silly idealTree +-- kind-of@3.1.0
77 silly idealTree +-- klaw@1.3.1
77 silly idealTree +-- lcid@1.0.0
77 silly idealTree +-- limiter@1.1.0
77 silly idealTree +-- lite-server@2.2.2
77 silly idealTree +-- load-json-file@1.1.0
77 silly idealTree +-- localtunnel@1.8.2
77 silly idealTree | `-- yargs@3.29.0
77 silly idealTree +-- lodash.isfinite@3.3.2
77 silly idealTree +-- lodash@4.17.2
77 silly idealTree +-- log4js@0.6.38
77 silly idealTree | +-- isarray@0.0.1
77 silly idealTree | `-- readable-stream@1.0.34
77 silly idealTree +-- lru-cache@2.2.4
77 silly idealTree +-- magic-string@0.14.0
77 silly idealTree +-- media-typer@0.3.0
77 silly idealTree +-- micromatch@2.3.11
77 silly idealTree +-- mime-db@1.25.0
77 silly idealTree +-- mime-types@2.1.13
77 silly idealTree +-- mime@1.3.4
77 silly idealTree +-- minimatch@3.0.3
77 silly idealTree +-- minimist@1.2.0
77 silly idealTree +-- mkdirp@0.5.1
77 silly idealTree | `-- minimist@0.0.8
77 silly idealTree +-- moment@2.17.1
77 silly idealTree +-- ms@0.7.1
77 silly idealTree +-- negotiator@0.4.9
77 silly idealTree +-- node-uuid@1.4.7
77 silly idealTree +-- nopt@3.0.6
77 silly idealTree +-- normalize-package-data@2.3.5
77 silly idealTree +-- normalize-path@2.0.1
77 silly idealTree +-- null-check@1.0.0
77 silly idealTree +-- number-is-nan@1.0.1
77 silly idealTree +-- oauth-sign@0.8.2
77 silly idealTree +-- object-assign@4.1.0
77 silly idealTree +-- object-component@0.0.3
77 silly idealTree +-- object-path@0.9.2
77 silly idealTree +-- object.omit@2.0.1
77 silly idealTree +-- on-finished@2.3.0
77 silly idealTree +-- once@1.4.0
77 silly idealTree +-- opener@1.4.2
77 silly idealTree +-- openurl@1.1.0
77 silly idealTree +-- opn@4.0.2
77 silly idealTree +-- optimist@0.6.1
77 silly idealTree | `-- minimist@0.0.10
77 silly idealTree +-- options@0.0.6
77 silly idealTree +-- os-homedir@1.0.2
77 silly idealTree +-- os-locale@1.4.0
77 silly idealTree +-- os-tmpdir@1.0.2
77 silly idealTree +-- parse-glob@3.0.4
77 silly idealTree +-- parse-json@2.2.0
77 silly idealTree +-- parsejson@0.0.1
77 silly idealTree +-- parseqs@0.0.2
77 silly idealTree +-- parseuri@0.0.4
77 silly idealTree +-- parseurl@1.3.1
77 silly idealTree +-- path-exists@2.1.0
77 silly idealTree +-- path-is-absolute@1.0.1
77 silly idealTree +-- path-is-inside@1.0.2
77 silly idealTree +-- path-type@1.1.0
77 silly idealTree +-- pify@2.3.0
77 silly idealTree +-- pinkie-promise@2.0.1
77 silly idealTree +-- pinkie@2.0.4
77 silly idealTree +-- portfinder@0.4.0
77 silly idealTree +-- portscanner@2.1.1
77 silly idealTree | `-- async@1.5.2
77 silly idealTree +-- preserve@0.2.0
77 silly idealTree +-- process-nextick-args@1.0.7
77 silly idealTree +-- protractor@4.0.9
77 silly idealTree | +-- ansi-regex@2.0.0
77 silly idealTree | +-- ansi-styles@2.2.1
77 silly idealTree | +-- chalk@1.1.3
77 silly idealTree | +-- has-ansi@2.0.0
77 silly idealTree | +-- strip-ansi@3.0.1
77 silly idealTree | `-- supports-color@2.0.0
77 silly idealTree +-- punycode@1.4.1
77 silly idealTree +-- q@1.4.1
77 silly idealTree +-- qjobs@1.1.5
77 silly idealTree +-- qs@2.3.3
77 silly idealTree +-- randomatic@1.1.6
77 silly idealTree +-- range-parser@1.2.0
77 silly idealTree +-- raw-body@2.1.7
77 silly idealTree +-- read-pkg-up@1.0.1
77 silly idealTree +-- read-pkg@1.1.0
77 silly idealTree +-- readable-stream@2.2.2
77 silly idealTree +-- readdirp@2.1.0
77 silly idealTree +-- reflect-metadata@0.1.9
77 silly idealTree +-- regex-cache@0.4.3
77 silly idealTree +-- repeat-element@1.1.2
77 silly idealTree +-- repeat-string@1.6.1
77 silly idealTree +-- request@2.78.0
77 silly idealTree | `-- qs@6.3.0
77 silly idealTree +-- require-directory@2.1.1
77 silly idealTree +-- require-main-filename@1.0.1
77 silly idealTree +-- requires-port@1.0.0
77 silly idealTree +-- resolve@1.2.0
77 silly idealTree +-- resp-modifier@6.0.2
77 silly idealTree +-- rimraf@2.5.4
77 silly idealTree +-- rx@2.3.24
77 silly idealTree +-- rxjs@5.0.0-beta.12
77 silly idealTree +-- saucelabs@1.3.0
77 silly idealTree +-- sax@0.6.1
77 silly idealTree +-- selenium-webdriver@2.53.3
77 silly idealTree | +-- adm-zip@0.4.4
77 silly idealTree | `-- tmp@0.0.24
77 silly idealTree +-- semver@4.3.6
77 silly idealTree +-- send@0.14.1
77 silly idealTree +-- serve-index@1.8.0
77 silly idealTree | +-- accepts@1.3.3
77 silly idealTree | `-- negotiator@0.6.1
77 silly idealTree +-- serve-static@1.11.1
77 silly idealTree +-- server-destroy@1.0.1
77 silly idealTree +-- set-blocking@2.0.0
77 silly idealTree +-- set-immediate-shim@1.0.1
77 silly idealTree +-- setprototypeof@1.0.2
77 silly idealTree +-- sntp@1.0.9
77 silly idealTree +-- socket.io-adapter@0.4.0
77 silly idealTree | +-- isarray@0.0.1
77 silly idealTree | `-- socket.io-parser@2.2.2
77 silly idealTree |   `-- debug@0.7.4
77 silly idealTree +-- socket.io-client@1.4.6
77 silly idealTree | `-- component-emitter@1.2.0
77 silly idealTree +-- socket.io-parser@2.2.6
77 silly idealTree | +-- isarray@0.0.1
77 silly idealTree | `-- json3@3.3.2
77 silly idealTree +-- socket.io@1.4.7
77 silly idealTree +-- source-map-support@0.4.7
77 silly idealTree +-- source-map@0.5.6
77 silly idealTree +-- spawn-default-shell@1.1.0
77 silly idealTree +-- spdx-correct@1.0.2
77 silly idealTree +-- spdx-expression-parse@1.0.4
77 silly idealTree +-- spdx-license-ids@1.2.2
77 silly idealTree +-- sprintf-js@1.0.3
77 silly idealTree +-- sshpk@1.10.1
77 silly idealTree | `-- assert-plus@1.0.0
77 silly idealTree +-- statuses@1.3.1
77 silly idealTree +-- stream-throttle@0.1.3
77 silly idealTree +-- string_decoder@0.10.31
77 silly idealTree +-- string-width@1.0.2
77 silly idealTree | +-- ansi-regex@2.0.0
77 silly idealTree | `-- strip-ansi@3.0.1
77 silly idealTree +-- stringstream@0.0.5
77 silly idealTree +-- strip-ansi@0.3.0
77 silly idealTree +-- strip-bom@2.0.0
77 silly idealTree +-- supports-color@0.2.0
77 silly idealTree +-- symbol-observable@1.0.4
77 silly idealTree +-- systemjs@0.19.40
77 silly idealTree +-- tfunk@3.0.2
77 silly idealTree | +-- ansi-regex@2.0.0
77 silly idealTree | +-- ansi-styles@2.2.1
77 silly idealTree | +-- chalk@1.1.3
77 silly idealTree | +-- has-ansi@2.0.0
77 silly idealTree | +-- strip-ansi@3.0.1
77 silly idealTree | `-- supports-color@2.0.0
77 silly idealTree +-- tmp@0.0.28
77 silly idealTree +-- to-array@0.1.4
77 silly idealTree +-- tough-cookie@2.3.2
77 silly idealTree +-- tree-kill@1.1.0
77 silly idealTree +-- tslint@3.15.1
77 silly idealTree | `-- colors@1.1.2
77 silly idealTree +-- tunnel-agent@0.4.3
77 silly idealTree +-- tweetnacl@0.14.5
77 silly idealTree +-- type-is@1.6.14
77 silly idealTree +-- typescript@2.1.4
77 silly idealTree +-- ua-parser-js@0.7.12
77 silly idealTree +-- ultron@1.0.2
77 silly idealTree +-- underscore.string@3.3.4
77 silly idealTree +-- underscore@1.7.0
77 silly idealTree +-- union@0.4.6
77 silly idealTree +-- unpipe@1.0.0
77 silly idealTree +-- url-join@1.1.0
77 silly idealTree +-- useragent@2.1.10
77 silly idealTree +-- utf8@2.1.0
77 silly idealTree +-- util-deprecate@1.0.2
77 silly idealTree +-- utils-merge@1.0.0
77 silly idealTree +-- validate-npm-package-license@3.0.1
77 silly idealTree +-- verror@1.3.6
77 silly idealTree +-- vlq@0.2.1
77 silly idealTree +-- void-elements@2.0.1
77 silly idealTree +-- webdriver-manager@10.2.5
77 silly idealTree | +-- ansi-regex@2.0.0
77 silly idealTree | +-- ansi-styles@2.2.1
77 silly idealTree | +-- chalk@1.1.3
77 silly idealTree | +-- has-ansi@2.0.0
77 silly idealTree | +-- semver@5.3.0
77 silly idealTree | +-- strip-ansi@3.0.1
77 silly idealTree | `-- supports-color@2.0.0
77 silly idealTree +-- weinre@2.0.0-pre-I0Z7U9OV
77 silly idealTree +-- when@3.7.7
77 silly idealTree +-- which-module@1.0.0
77 silly idealTree +-- which@1.2.12
77 silly idealTree +-- window-size@0.1.4
77 silly idealTree +-- wordwrap@0.0.3
77 silly idealTree +-- wrap-ansi@2.1.0
77 silly idealTree | +-- ansi-regex@2.0.0
77 silly idealTree | `-- strip-ansi@3.0.1
77 silly idealTree +-- wrappy@1.0.2
77 silly idealTree +-- ws@1.0.1
77 silly idealTree +-- wtf-8@1.0.0
77 silly idealTree +-- xml2js@0.4.4
77 silly idealTree +-- xmlbuilder@8.2.2
77 silly idealTree +-- xmlhttprequest-ssl@1.5.1
77 silly idealTree +-- xtend@4.0.1
77 silly idealTree +-- y18n@3.2.1
77 silly idealTree +-- yargs-parser@4.2.0
77 silly idealTree | `-- camelcase@3.0.0
77 silly idealTree +-- yargs@6.4.0
77 silly idealTree | +-- camelcase@3.0.0
77 silly idealTree | `-- window-size@0.2.0
77 silly idealTree +-- yeast@0.1.2
77 silly idealTree `-- zone.js@0.6.26
78 silly generateActionsToTake Starting
79 silly install generateActionsToTake
80 warn checkPermissions Missing write access to /home/akshay/GitHub/The_Manuscripts/public/node_modules
81 silly rollbackFailedOptional Starting
82 silly rollbackFailedOptional Finishing
83 silly runTopLevelLifecycles Starting
84 silly runTopLevelLifecycles Finishing
85 silly install printInstalled
86 warn optional Skipping failed optional dependency /chokidar/fsevents:
87 warn notsup Not compatible with your operating system or architecture: fsevents@1.0.15
88 warn angular-in-memory-web-api@0.1.17 requires a peer of rxjs@5.0.0-rc.4 but none was installed.
89 warn angular-in-memory-web-api@0.1.17 requires a peer of zone.js@^0.7.2 but none was installed.
90 verbose stack Error: EACCES: permission denied, access '/home/akshay/GitHub/The_Manuscripts/public/node_modules'
90 verbose stack     at Error (native)
91 verbose cwd /home/akshay/GitHub/The_Manuscripts/public
92 error Linux 4.4.0-53-generic
93 error argv "/usr/bin/nodejs" "/usr/bin/npm" "install" "angular2-jwt"
94 error node v4.2.6
95 error npm  v3.5.2
96 error path /home/akshay/GitHub/The_Manuscripts/public/node_modules
97 error code EACCES
98 error errno -13
99 error syscall access
100 error Error: EACCES: permission denied, access '/home/akshay/GitHub/The_Manuscripts/public/node_modules'
100 error     at Error (native)
100 error  { [Error: EACCES: permission denied, access '/home/akshay/GitHub/The_Manuscripts/public/node_modules']
100 error   errno: -13,
100 error   code: 'EACCES',
100 error   syscall: 'access',
100 error   path: '/home/akshay/GitHub/The_Manuscripts/public/node_modules' }
101 error Please try running this command again as root/Administrator.
102 verbose exit [ -13, true ]
